TN:
SF:/home/labber/scheduler/scheduler/scheduler/src/components/Application.js
FN:16,Application
FN:27,(anonymous_1)
FNF:2
FNH:2
FNDA:5,Application
FNDA:6,(anonymous_1)
DA:22,5
DA:24,5
DA:26,5
DA:28,6
DA:41,5
LF:5
LH:5
BRF:0
BRH:0
end_of_record
TN:
SF:/home/labber/scheduler/scheduler/scheduler/src/components/Button.js
FN:7,Button
FNF:1
FNH:1
FNDA:33,Button
DA:8,33
DA:13,33
LF:2
LH:2
BRF:0
BRH:0
end_of_record
TN:
SF:/home/labber/scheduler/scheduler/scheduler/src/components/DayList.js
FN:5,DayList
FN:6,(anonymous_1)
FNF:2
FNH:2
FNDA:5,DayList
FNDA:6,(anonymous_1)
DA:6,5
DA:7,6
DA:18,5
LF:3
LH:3
BRF:0
BRH:0
end_of_record
TN:
SF:/home/labber/scheduler/scheduler/scheduler/src/components/DayListItem.js
FN:6,formatSpots
FN:13,DayListItem
FN:22,(anonymous_2)
FNF:3
FNH:3
FNDA:6,formatSpots
FNDA:6,DayListItem
FNDA:1,(anonymous_2)
DA:7,6
DA:8,6
DA:10,0
DA:14,6
DA:19,6
DA:22,1
LF:6
LH:5
BRDA:7,0,0,0
BRDA:7,0,1,6
BRDA:8,1,0,6
BRDA:8,1,1,0
BRF:4
BRH:2
end_of_record
TN:
SF:/home/labber/scheduler/scheduler/scheduler/src/components/InterviewerList.js
FN:8,InterviewerList
FN:9,(anonymous_1)
FN:17,(anonymous_2)
FNF:3
FNH:2
FNDA:16,InterviewerList
FNDA:16,(anonymous_1)
FNDA:0,(anonymous_2)
DA:9,16
DA:10,16
DA:17,0
DA:22,16
DA:30,3
LF:5
LH:4
BRF:0
BRH:0
end_of_record
TN:
SF:/home/labber/scheduler/scheduler/scheduler/src/components/InterviewerListItem.js
FN:6,InterviewerItem
FNF:1
FNH:1
FNDA:16,InterviewerItem
DA:7,16
DA:11,16
LF:2
LH:2
BRDA:18,0,0,16
BRDA:18,0,1,6
BRF:2
BRH:2
end_of_record
TN:
SF:/home/labber/scheduler/scheduler/scheduler/src/components/Appointment/Confirm.js
FN:5,Confirm
FNF:1
FNH:0
FNDA:0,Confirm
DA:6,0
LF:1
LH:0
BRF:0
BRH:0
end_of_record
TN:
SF:/home/labber/scheduler/scheduler/scheduler/src/components/Appointment/Empty.js
FN:3,Empty
FNF:1
FNH:1
FNDA:9,Empty
DA:4,9
LF:1
LH:1
BRF:0
BRH:0
end_of_record
TN:
SF:/home/labber/scheduler/scheduler/scheduler/src/components/Appointment/Error.js
FN:3,Error
FNF:1
FNH:0
FNDA:0,Error
DA:4,0
LF:1
LH:0
BRF:0
BRH:0
end_of_record
TN:
SF:/home/labber/scheduler/scheduler/scheduler/src/components/Appointment/Form.js
FN:6,Form
FN:11,reset
FN:17,cancel
FN:22,validate
FN:39,(anonymous_4)
FN:46,(anonymous_5)
FNF:6
FNH:5
FNDA:17,Form
FNDA:1,reset
FNDA:1,cancel
FNDA:6,validate
FNDA:0,(anonymous_4)
FNDA:3,(anonymous_5)
DA:7,17
DA:8,17
DA:9,17
DA:12,1
DA:13,1
DA:14,1
DA:18,1
DA:19,1
DA:23,6
DA:24,2
DA:25,2
DA:27,4
DA:28,2
DA:29,2
DA:32,2
DA:33,2
DA:36,17
DA:39,0
DA:47,3
LF:19
LH:18
BRDA:7,0,0,17
BRDA:7,0,1,10
BRDA:8,1,0,17
BRDA:8,1,1,10
BRDA:23,2,0,2
BRDA:23,2,1,4
BRDA:27,3,0,2
BRDA:27,3,1,2
BRF:8
BRH:8
end_of_record
TN:
SF:/home/labber/scheduler/scheduler/scheduler/src/components/Appointment/Header.js
FN:3,Header
FNF:1
FNH:1
FNDA:12,Header
DA:4,12
LF:1
LH:1
BRF:0
BRH:0
end_of_record
TN:
SF:/home/labber/scheduler/scheduler/scheduler/src/components/Appointment/Show.js
FN:3,Show
FNF:1
FNH:1
FNDA:3,Show
DA:4,3
LF:1
LH:1
BRDA:11,0,0,3
BRDA:11,0,1,3
BRF:2
BRH:2
end_of_record
TN:
SF:/home/labber/scheduler/scheduler/scheduler/src/components/Appointment/Status.js
FN:3,Status
FNF:1
FNH:0
FNDA:0,Status
DA:4,0
LF:1
LH:0
BRF:0
BRH:0
end_of_record
TN:
SF:/home/labber/scheduler/scheduler/scheduler/src/components/Appointment/index.js
FN:24,Appointment
FN:29,save
FN:39,(anonymous_2)
FN:40,(anonymous_3)
FN:43,destroy
FN:47,(anonymous_5)
FN:48,(anonymous_6)
FN:53,(anonymous_7)
FN:57,(anonymous_8)
FN:58,(anonymous_9)
FNF:10
FNH:1
FNDA:12,Appointment
FNDA:0,save
FNDA:0,(anonymous_2)
FNDA:0,(anonymous_3)
FNDA:0,destroy
FNDA:0,(anonymous_5)
FNDA:0,(anonymous_6)
FNDA:0,(anonymous_7)
FNDA:0,(anonymous_8)
FNDA:0,(anonymous_9)
DA:14,2
DA:15,2
DA:16,2
DA:17,2
DA:18,2
DA:19,2
DA:20,2
DA:21,2
DA:22,2
DA:25,12
DA:30,0
DA:35,0
DA:37,0
DA:39,0
DA:40,0
DA:44,0
DA:45,0
DA:47,0
DA:48,0
DA:50,12
DA:53,0
DA:57,0
DA:58,0
LF:23
LH:11
BRDA:26,0,0,3
BRDA:26,0,1,9
BRDA:53,1,0,12
BRDA:53,1,1,9
BRDA:54,2,0,12
BRDA:54,2,1,3
BRDA:61,3,0,12
BRDA:61,3,1,0
BRDA:64,4,0,12
BRDA:64,4,1,0
BRDA:73,5,0,12
BRDA:73,5,1,0
BRDA:74,6,0,12
BRDA:74,6,1,0
BRDA:75,7,0,12
BRDA:75,7,1,0
BRDA:82,8,0,12
BRDA:82,8,1,0
BRDA:85,9,0,12
BRDA:85,9,1,0
BRF:20
BRH:13
end_of_record
TN:
SF:/home/labber/scheduler/scheduler/scheduler/src/helpers/selectors.js
FN:1,getAppointmentsForDay
FN:2,(anonymous_1)
FN:6,(anonymous_2)
FN:9,getInterviewersForDay
FN:10,(anonymous_4)
FN:14,(anonymous_5)
FN:17,getInterview
FNF:7
FNH:7
FNDA:10,getAppointmentsForDay
FNDA:10,(anonymous_1)
FNDA:14,(anonymous_2)
FNDA:10,getInterviewersForDay
FNDA:10,(anonymous_4)
FNDA:12,(anonymous_5)
FNDA:8,getInterview
DA:2,10
DA:4,10
DA:6,14
DA:10,10
DA:12,10
DA:14,12
DA:18,8
LF:7
LH:7
BRDA:4,0,0,4
BRDA:4,0,1,6
BRDA:4,1,0,10
BRDA:4,1,1,7
BRDA:12,2,0,4
BRDA:12,2,1,6
BRDA:12,3,0,10
BRDA:12,3,1,7
BRDA:19,4,0,8
BRDA:19,4,1,4
BRF:10
BRH:10
end_of_record
TN:
SF:/home/labber/scheduler/scheduler/scheduler/src/hooks/useApplicationData.js
FN:13,useApplicationData
FN:21,(anonymous_1)
FN:23,(anonymous_2)
FN:29,(anonymous_3)
FN:41,bookInterview
FN:42,(anonymous_5)
FN:51,cancelInterview
FN:52,(anonymous_7)
FNF:8
FNH:4
FNDA:5,useApplicationData
FNDA:1,(anonymous_1)
FNDA:2,(anonymous_2)
FNDA:2,(anonymous_3)
FNDA:0,bookInterview
FNDA:0,(anonymous_5)
FNDA:0,cancelInterview
FNDA:0,(anonymous_7)
DA:14,5
DA:21,5
DA:23,5
DA:24,2
DA:30,2
DA:39,5
DA:42,0
DA:43,0
DA:52,0
DA:53,0
DA:61,5
LF:11
LH:7
BRF:0
BRH:0
end_of_record
TN:
SF:/home/labber/scheduler/scheduler/scheduler/src/hooks/useRealtimeUpdate.js
FN:4,useRealtimeUpdate
FN:5,(anonymous_1)
FN:8,(anonymous_2)
FN:16,(anonymous_3)
FNF:4
FNH:3
FNDA:5,useRealtimeUpdate
FNDA:2,(anonymous_1)
FNDA:0,(anonymous_2)
FNDA:2,(anonymous_3)
DA:5,5
DA:6,2
DA:8,2
DA:9,0
DA:11,0
DA:12,0
DA:16,2
DA:17,2
LF:8
LH:5
BRDA:11,0,0,0
BRDA:11,0,1,0
BRDA:11,1,0,0
BRDA:11,1,1,0
BRF:4
BRH:0
end_of_record
TN:
SF:/home/labber/scheduler/scheduler/scheduler/src/hooks/useVisualMode.js
FN:3,useVisualMode
FN:7,transition
FN:9,(anonymous_2)
FN:11,(anonymous_3)
FN:14,back
FN:16,(anonymous_5)
FNF:6
FNH:6
FNDA:25,useVisualMode
FNDA:5,transition
FNDA:1,(anonymous_2)
FNDA:4,(anonymous_3)
FNDA:4,back
FNDA:3,(anonymous_5)
DA:5,25
DA:8,5
DA:9,1
DA:11,4
DA:15,4
DA:16,3
DA:20,25
LF:7
LH:7
BRDA:7,0,0,4
BRDA:8,1,0,1
BRDA:8,1,1,4
BRDA:15,2,0,3
BRDA:15,2,1,1
BRF:5
BRH:5
end_of_record
TN:
SF:/home/labber/scheduler/scheduler/scheduler/src/reducers/application.js
FN:5,reducer
FN:27,(anonymous_1)
FN:30,(anonymous_2)
FN:34,(anonymous_3)
FNF:4
FNH:1
FNDA:4,reducer
FNDA:0,(anonymous_1)
FNDA:0,(anonymous_2)
FNDA:0,(anonymous_3)
DA:1,2
DA:2,2
DA:3,2
DA:6,4
DA:8,1
DA:10,2
DA:17,0
DA:22,0
DA:27,0
DA:28,0
DA:30,0
DA:34,0
DA:35,0
DA:43,0
DA:50,1
LF:15
LH:7
BRDA:6,0,0,1
BRDA:6,0,1,2
BRDA:6,0,2,0
BRDA:6,0,3,1
BRDA:19,1,0,0
BRDA:19,1,1,0
BRDA:30,2,0,0
BRDA:30,2,1,0
BRDA:35,3,0,0
BRDA:35,3,1,0
BRF:10
BRH:3
end_of_record
